/home/colin/project/install/mad_bot/lib/python3.10/site-packages/mad_bot/__init__.py
/home/colin/project/install/mad_bot/lib/python3.10/site-packages/mad_bot/camera_controller.py
/home/colin/project/install/mad_bot/lib/python3.10/site-packages/mad_bot/movement_controller.py
/home/colin/project/install/mad_bot/lib/python3.10/site-packages/mad_bot/__pycache__/__init__.cpython-310.pyc
/home/colin/project/install/mad_bot/lib/python3.10/site-packages/mad_bot/__pycache__/camera_controller.cpython-310.pyc
/home/colin/project/install/mad_bot/lib/python3.10/site-packages/mad_bot/__pycache__/movement_controller.cpython-310.pyc
/home/colin/project/install/mad_bot/share/mad_bot/launch/mad_bot.launch.py
/home/colin/project/install/mad_bot/share/mad_bot/world/world.sdf
/home/colin/project/install/mad_bot/share/mad_bot/model/mad_bot.sdf
/home/colin/project/install/mad_bot/share/mad_bot/model/mad_bot.urdf
/home/colin/project/install/mad_bot/share/mad_bot/config/mad_bot.rviz
/home/colin/project/install/mad_bot/share/mad_bot/config/ros_gz_bridge.yaml
/home/colin/project/install/mad_bot/share/mad_bot/image/file.jpg
/home/colin/project/install/mad_bot/lib/python3.10/site-packages/mad_bot-0.0.1-py3.10.egg-info/dependency_links.txt
/home/colin/project/install/mad_bot/lib/python3.10/site-packages/mad_bot-0.0.1-py3.10.egg-info/PKG-INFO
/home/colin/project/install/mad_bot/lib/python3.10/site-packages/mad_bot-0.0.1-py3.10.egg-info/top_level.txt
/home/colin/project/install/mad_bot/lib/python3.10/site-packages/mad_bot-0.0.1-py3.10.egg-info/entry_points.txt
/home/colin/project/install/mad_bot/lib/python3.10/site-packages/mad_bot-0.0.1-py3.10.egg-info/requires.txt
/home/colin/project/install/mad_bot/lib/python3.10/site-packages/mad_bot-0.0.1-py3.10.egg-info/SOURCES.txt
/home/colin/project/install/mad_bot/lib/python3.10/site-packages/mad_bot-0.0.1-py3.10.egg-info/zip-safe
/home/colin/project/install/mad_bot/lib/mad_bot/camera_controller
/home/colin/project/install/mad_bot/lib/mad_bot/movement_controller
