running egg_info
creating ../build/mad_bot/mad_bot.egg-info
writing ../build/mad_bot/mad_bot.egg-info/PKG-INFO
writing dependency_links to ../build/mad_bot/mad_bot.egg-info/dependency_links.txt
writing entry points to ../build/mad_bot/mad_bot.egg-info/entry_points.txt
writing requirements to ../build/mad_bot/mad_bot.egg-info/requires.txt
writing top-level names to ../build/mad_bot/mad_bot.egg-info/top_level.txt
writing manifest file '../build/mad_bot/mad_bot.egg-info/SOURCES.txt'
reading manifest file '../build/mad_bot/mad_bot.egg-info/SOURCES.txt'
adding license file 'LICENSE'
writing manifest file '../build/mad_bot/mad_bot.egg-info/SOURCES.txt'
running build
running build_py
creating /home/colin/project/build/mad_bot/build
creating /home/colin/project/build/mad_bot/build/lib
creating /home/colin/project/build/mad_bot/build/lib/mad_bot
copying mad_bot/__init__.py -> /home/colin/project/build/mad_bot/build/lib/mad_bot
copying mad_bot/camera_controller.py -> /home/colin/project/build/mad_bot/build/lib/mad_bot
copying mad_bot/movement_controller.py -> /home/colin/project/build/mad_bot/build/lib/mad_bot
running install
running install_lib
creating /home/colin/project/install/mad_bot/lib/python3.10/site-packages/mad_bot
copying /home/colin/project/build/mad_bot/build/lib/mad_bot/__init__.py -> /home/colin/project/install/mad_bot/lib/python3.10/site-packages/mad_bot
copying /home/colin/project/build/mad_bot/build/lib/mad_bot/camera_controller.py -> /home/colin/project/install/mad_bot/lib/python3.10/site-packages/mad_bot
copying /home/colin/project/build/mad_bot/build/lib/mad_bot/movement_controller.py -> /home/colin/project/install/mad_bot/lib/python3.10/site-packages/mad_bot
byte-compiling /home/colin/project/install/mad_bot/lib/python3.10/site-packages/mad_bot/__init__.py to __init__.cpython-310.pyc
byte-compiling /home/colin/project/install/mad_bot/lib/python3.10/site-packages/mad_bot/camera_controller.py to camera_controller.cpython-310.pyc
byte-compiling /home/colin/project/install/mad_bot/lib/python3.10/site-packages/mad_bot/movement_controller.py to movement_controller.cpython-310.pyc
running install_data
creating /home/colin/project/install/mad_bot/share/mad_bot/launch
copying launch/mad_bot.launch.py -> /home/colin/project/install/mad_bot/share/mad_bot/launch
creating /home/colin/project/install/mad_bot/share/mad_bot/world
copying world/world.sdf -> /home/colin/project/install/mad_bot/share/mad_bot/world
creating /home/colin/project/install/mad_bot/share/mad_bot/model
copying model/mad_bot.sdf -> /home/colin/project/install/mad_bot/share/mad_bot/model
copying model/mad_bot.urdf -> /home/colin/project/install/mad_bot/share/mad_bot/model
creating /home/colin/project/install/mad_bot/share/mad_bot/config
copying config/mad_bot.rviz -> /home/colin/project/install/mad_bot/share/mad_bot/config
copying config/ros_gz_bridge.yaml -> /home/colin/project/install/mad_bot/share/mad_bot/config
creating /home/colin/project/install/mad_bot/share/mad_bot/image
copying image/file.jpg -> /home/colin/project/install/mad_bot/share/mad_bot/image
running install_egg_info
Copying ../build/mad_bot/mad_bot.egg-info to /home/colin/project/install/mad_bot/lib/python3.10/site-packages/mad_bot-0.0.1-py3.10.egg-info
running install_scripts
Installing camera_controller script to /home/colin/project/install/mad_bot/lib/mad_bot
Installing movement_controller script to /home/colin/project/install/mad_bot/lib/mad_bot
writing list of installed files to '/home/colin/project/build/mad_bot/install.log'
